<?xml version="1.0" encoding="UTF-8"?>
<!-- Generated by org.testng.reporters.JUnitXMLReporter -->
<testsuite ignored="9" hostname="Ammie" failures="0" tests="2" name="Test" time="0.337" errors="0" timestamp="2025-11-23T11:09:36 IST">
  <testcase classname="BaseClassUtility.Base_Class" name="@BeforeClass BCconfig" time="-1.763876376487E9">
    <failure type="org.testng.TestNGException" message="
Parameter &amp;apos;Browser&amp;apos; is required by BeforeClass on method BCconfig but has not been marked @Optional or defined
in C:\Users\Amol Shardul\git\Selenium-Weekend-Batch\GroupExecutionSuite2.xml">
      <![CDATA[org.testng.TestNGException: 
Parameter 'Browser' is required by BeforeClass on method BCconfig but has not been marked @Optional or defined
in C:\Users\Amol Shardul\git\Selenium-Weekend-Batch\GroupExecutionSuite2.xml
at java.base/java.util.ArrayList.forEach(ArrayList.java:1596)
... Removed 22 stack frames]]>
    </failure>
  </testcase> <!-- @BeforeClass BCconfig -->
  <testcase classname="BaseClassUtility.Base_Class" name="@BeforeMethod BMconfig" time="0.0">
    <skipped/>
  </testcase> <!-- @BeforeMethod BMconfig -->
  <testcase classname="BaseClassUtility.Base_Class" name="@AfterMethod AMconfig" time="0.0">
    <skipped/>
  </testcase> <!-- @AfterMethod AMconfig -->
  <testcase classname="BaseClassUtility.Base_Class" name="@AfterClass ACconfig" time="0.0">
    <skipped/>
  </testcase> <!-- @AfterClass ACconfig -->
  <testcase classname="BaseClassUtility.Base_Class" name="@BeforeClass BCconfig" time="-1.763876376683E9">
    <failure type="org.testng.TestNGException" message="
Parameter &amp;apos;Browser&amp;apos; is required by BeforeClass on method BCconfig but has not been marked @Optional or defined
in C:\Users\Amol Shardul\git\Selenium-Weekend-Batch\GroupExecutionSuite2.xml">
      <![CDATA[org.testng.TestNGException: 
Parameter 'Browser' is required by BeforeClass on method BCconfig but has not been marked @Optional or defined
in C:\Users\Amol Shardul\git\Selenium-Weekend-Batch\GroupExecutionSuite2.xml
at java.base/java.util.ArrayList.forEach(ArrayList.java:1596)
... Removed 22 stack frames]]>
    </failure>
  </testcase> <!-- @BeforeClass BCconfig -->
  <testcase classname="BaseClassUtility.Base_Class" name="@BeforeMethod BMconfig" time="0.0">
    <skipped/>
  </testcase> <!-- @BeforeMethod BMconfig -->
  <testcase classname="BaseClassUtility.Base_Class" name="@AfterMethod AMconfig" time="0.0">
    <skipped/>
  </testcase> <!-- @AfterMethod AMconfig -->
  <testcase classname="BaseClassUtility.Base_Class" name="@AfterClass ACconfig" time="0.0">
    <skipped/>
  </testcase> <!-- @AfterClass ACconfig -->
  <testcase classname="TestScripts.AddToCartTc" name="AddToCart1" time="0.0">
    <skipped/>
  </testcase> <!-- AddToCart1 -->
  <testcase classname="TestScripts.AboutUsTest" name="AboutUs" time="0.0">
    <skipped/>
  </testcase> <!-- AboutUs -->
  <testcase classname="BaseClassUtility.Base_Class" name="@BeforeSuite configBS" time="0.0">
    <ignored/>
  </testcase> <!-- @BeforeSuite configBS -->
  <testcase classname="TestScripts.ClickOnFBTest" name="FacebookTest" time="0.0">
    <ignored/>
  </testcase> <!-- FacebookTest -->
  <testcase classname="BaseClassUtility.Base_Class" name="@BeforeTest BTconfig" time="0.0">
    <ignored/>
  </testcase> <!-- @BeforeTest BTconfig -->
  <testcase classname="BaseClassUtility.Base_Class" name="@AfterSuite ASconfig" time="0.0">
    <ignored/>
  </testcase> <!-- @AfterSuite ASconfig -->
  <testcase classname="BaseClassUtility.Base_Class" name="@AfterSuite ASconfig" time="0.0">
    <ignored/>
  </testcase> <!-- @AfterSuite ASconfig -->
  <testcase classname="BaseClassUtility.Base_Class" name="@BeforeSuite configBS" time="0.0">
    <ignored/>
  </testcase> <!-- @BeforeSuite configBS -->
  <testcase classname="BaseClassUtility.Base_Class" name="@BeforeTest BTconfig" time="0.0">
    <ignored/>
  </testcase> <!-- @BeforeTest BTconfig -->
  <testcase classname="BaseClassUtility.Base_Class" name="@AfterTest ATconfig" time="0.0">
    <ignored/>
  </testcase> <!-- @AfterTest ATconfig -->
  <testcase classname="BaseClassUtility.Base_Class" name="@AfterTest ATconfig" time="0.0">
    <ignored/>
  </testcase> <!-- @AfterTest ATconfig -->
</testsuite> <!-- Test -->
