<?xml version="1.0" encoding="UTF-8"?>
<testng-results ignored="0" total="1" passed="1" failed="0" skipped="0">
  <reporter-output>
    <line>
      <![CDATA[Database connection]]>
    </line>
    <line>
      <![CDATA[Precondition if Any]]>
    </line>
    <line>
      <![CDATA[Launch Browser]]>
    </line>
    <line>
      <![CDATA[Login]]>
    </line>
    <line>
      <![CDATA[Logout]]>
    </line>
    <line>
      <![CDATA[Close the browser]]>
    </line>
    <line>
      <![CDATA[Post condition]]>
    </line>
    <line>
      <![CDATA[Database Disconnect]]>
    </line>
    <line>
      <![CDATA[Report Backed Up]]>
    </line>
  </reporter-output>
  <suite started-at="2025-11-21T20:28:41 IST" name="Default suite" finished-at="2025-11-21T20:29:01 IST" duration-ms="20006">
    <groups>
    </groups>
    <test started-at="2025-11-21T20:28:41 IST" name="Default test" finished-at="2025-11-21T20:29:01 IST" duration-ms="20006">
      <class name="TestScripts.AboutUsTest">
        <test-method is-config="true" signature="configBS()[pri:0, instance:TestScripts.AboutUsTest@72035809]" started-at="2025-11-21T20:28:41 IST" name="configBS" finished-at="2025-11-21T20:28:41 IST" duration-ms="33" status="PASS">
          <reporter-output>
            <line>
              <![CDATA[Database connection]]>
            </line>
          </reporter-output>
        </test-method> <!-- configBS -->
        <test-method is-config="true" signature="BTconfig()[pri:0, instance:TestScripts.AboutUsTest@72035809]" started-at="2025-11-21T20:28:41 IST" name="BTconfig" finished-at="2025-11-21T20:28:41 IST" duration-ms="2" status="PASS">
          <reporter-output>
            <line>
              <![CDATA[Precondition if Any]]>
            </line>
          </reporter-output>
        </test-method> <!-- BTconfig -->
        <test-method is-config="true" signature="BCconfig()[pri:0, instance:TestScripts.AboutUsTest@72035809]" started-at="2025-11-21T20:28:41 IST" name="BCconfig" finished-at="2025-11-21T20:28:51 IST" duration-ms="10073" status="PASS">
          <reporter-output>
            <line>
              <![CDATA[Launch Browser]]>
            </line>
          </reporter-output>
        </test-method> <!-- BCconfig -->
        <test-method is-config="true" signature="BMconfig()[pri:0, instance:TestScripts.AboutUsTest@72035809]" started-at="2025-11-21T20:28:51 IST" name="BMconfig" finished-at="2025-11-21T20:28:53 IST" duration-ms="1955" status="PASS">
          <reporter-output>
            <line>
              <![CDATA[Login]]>
            </line>
          </reporter-output>
        </test-method> <!-- BMconfig -->
        <test-method signature="AboutUs()[pri:0, instance:TestScripts.AboutUsTest@72035809]" started-at="2025-11-21T20:28:53 IST" name="AboutUs" finished-at="2025-11-21T20:28:59 IST" duration-ms="5999" status="PASS">
          <reporter-output>
          </reporter-output>
        </test-method> <!-- AboutUs -->
        <test-method is-config="true" signature="AMconfig()[pri:0, instance:TestScripts.AboutUsTest@72035809]" started-at="2025-11-21T20:28:59 IST" name="AMconfig" finished-at="2025-11-21T20:29:00 IST" duration-ms="1184" status="PASS">
          <reporter-output>
            <line>
              <![CDATA[Logout]]>
            </line>
          </reporter-output>
        </test-method> <!-- AMconfig -->
        <test-method is-config="true" signature="ACconfig()[pri:0, instance:TestScripts.AboutUsTest@72035809]" started-at="2025-11-21T20:29:00 IST" name="ACconfig" finished-at="2025-11-21T20:29:01 IST" duration-ms="526" status="PASS">
          <reporter-output>
            <line>
              <![CDATA[Close the browser]]>
            </line>
          </reporter-output>
        </test-method> <!-- ACconfig -->
        <test-method is-config="true" signature="ATconfig()[pri:0, instance:TestScripts.AboutUsTest@72035809]" started-at="2025-11-21T20:29:01 IST" name="ATconfig" finished-at="2025-11-21T20:29:01 IST" duration-ms="1" status="PASS">
          <reporter-output>
            <line>
              <![CDATA[Post condition]]>
            </line>
          </reporter-output>
        </test-method> <!-- ATconfig -->
        <test-method is-config="true" signature="ASconfig()[pri:0, instance:TestScripts.AboutUsTest@72035809]" started-at="2025-11-21T20:29:01 IST" name="ASconfig" finished-at="2025-11-21T20:29:01 IST" duration-ms="1" status="PASS">
          <reporter-output>
            <line>
              <![CDATA[Database Disconnect]]>
            </line>
            <line>
              <![CDATA[Report Backed Up]]>
            </line>
          </reporter-output>
        </test-method> <!-- ASconfig -->
      </class> <!-- TestScripts.AboutUsTest -->
    </test> <!-- Default test -->
  </suite> <!-- Default suite -->
</testng-results>
