<?xml version="1.0" encoding="UTF-8"?>
<testng-results ignored="0" total="1" passed="1" failed="0" skipped="0">
  <reporter-output>
    <line>
      <![CDATA[Database connection]]>
    </line>
    <line>
      <![CDATA[Precondition if Any]]>
    </line>
    <line>
      <![CDATA[Launch Browser]]>
    </line>
    <line>
      <![CDATA[Login]]>
    </line>
    <line>
      <![CDATA[Logout]]>
    </line>
    <line>
      <![CDATA[Close the browser]]>
    </line>
    <line>
      <![CDATA[Post condition]]>
    </line>
    <line>
      <![CDATA[Database Disconnect]]>
    </line>
    <line>
      <![CDATA[Report Backed Up]]>
    </line>
  </reporter-output>
  <suite started-at="2025-11-23T13:05:50 IST" name="Default suite" finished-at="2025-11-23T13:06:02 IST" duration-ms="12249">
    <groups>
      <group name="regression">
        <method signature="AddToCartTc.AddToCart1()[pri:0, instance:TestScripts.AddToCartTc@3b0090a4]" name="AddToCart1" class="TestScripts.AddToCartTc"/>
      </group> <!-- regression -->
      <group name="smoke">
        <method signature="AddToCartTc.AddToCart1()[pri:0, instance:TestScripts.AddToCartTc@3b0090a4]" name="AddToCart1" class="TestScripts.AddToCartTc"/>
      </group> <!-- smoke -->
    </groups>
    <test started-at="2025-11-23T13:05:50 IST" name="Default test" finished-at="2025-11-23T13:06:02 IST" duration-ms="12249">
      <class name="TestScripts.AddToCartTc">
        <test-method is-config="true" signature="configBS()[pri:0, instance:TestScripts.AddToCartTc@3b0090a4]" started-at="2025-11-23T13:05:50 IST" name="configBS" finished-at="2025-11-23T13:05:50 IST" duration-ms="21" status="PASS">
          <reporter-output>
            <line>
              <![CDATA[Database connection]]>
            </line>
          </reporter-output>
        </test-method> <!-- configBS -->
        <test-method is-config="true" signature="BTconfig()[pri:0, instance:TestScripts.AddToCartTc@3b0090a4]" started-at="2025-11-23T13:05:50 IST" name="BTconfig" finished-at="2025-11-23T13:05:50 IST" duration-ms="2" status="PASS">
          <reporter-output>
            <line>
              <![CDATA[Precondition if Any]]>
            </line>
          </reporter-output>
        </test-method> <!-- BTconfig -->
        <test-method is-config="true" signature="BCconfig()[pri:0, instance:TestScripts.AddToCartTc@3b0090a4]" started-at="2025-11-23T13:05:50 IST" name="BCconfig" finished-at="2025-11-23T13:05:58 IST" duration-ms="8302" status="PASS">
          <reporter-output>
            <line>
              <![CDATA[Launch Browser]]>
            </line>
          </reporter-output>
        </test-method> <!-- BCconfig -->
        <test-method is-config="true" signature="BMconfig()[pri:0, instance:TestScripts.AddToCartTc@3b0090a4]" started-at="2025-11-23T13:05:58 IST" name="BMconfig" finished-at="2025-11-23T13:05:59 IST" duration-ms="612" status="PASS">
          <reporter-output>
            <line>
              <![CDATA[Login]]>
            </line>
          </reporter-output>
        </test-method> <!-- BMconfig -->
        <test-method signature="AddToCart1()[pri:0, instance:TestScripts.AddToCartTc@3b0090a4]" started-at="2025-11-23T13:05:59 IST" name="AddToCart1" finished-at="2025-11-23T13:06:02 IST" duration-ms="2480" status="PASS">
          <reporter-output>
          </reporter-output>
        </test-method> <!-- AddToCart1 -->
        <test-method is-config="true" signature="AMconfig()[pri:0, instance:TestScripts.AddToCartTc@3b0090a4]" started-at="2025-11-23T13:06:02 IST" name="AMconfig" finished-at="2025-11-23T13:06:02 IST" duration-ms="387" status="PASS">
          <reporter-output>
            <line>
              <![CDATA[Logout]]>
            </line>
          </reporter-output>
        </test-method> <!-- AMconfig -->
        <test-method is-config="true" signature="ACconfig()[pri:0, instance:TestScripts.AddToCartTc@3b0090a4]" started-at="2025-11-23T13:06:02 IST" name="ACconfig" finished-at="2025-11-23T13:06:02 IST" duration-ms="378" status="PASS">
          <reporter-output>
            <line>
              <![CDATA[Close the browser]]>
            </line>
          </reporter-output>
        </test-method> <!-- ACconfig -->
        <test-method is-config="true" signature="ATconfig()[pri:0, instance:TestScripts.AddToCartTc@3b0090a4]" started-at="2025-11-23T13:06:02 IST" name="ATconfig" finished-at="2025-11-23T13:06:02 IST" duration-ms="1" status="PASS">
          <reporter-output>
            <line>
              <![CDATA[Post condition]]>
            </line>
          </reporter-output>
        </test-method> <!-- ATconfig -->
        <test-method is-config="true" signature="ASconfig()[pri:0, instance:TestScripts.AddToCartTc@3b0090a4]" started-at="2025-11-23T13:06:02 IST" name="ASconfig" finished-at="2025-11-23T13:06:02 IST" duration-ms="2" status="PASS">
          <reporter-output>
            <line>
              <![CDATA[Database Disconnect]]>
            </line>
            <line>
              <![CDATA[Report Backed Up]]>
            </line>
          </reporter-output>
        </test-method> <!-- ASconfig -->
      </class> <!-- TestScripts.AddToCartTc -->
    </test> <!-- Default test -->
  </suite> <!-- Default suite -->
</testng-results>
