<?xml version="1.0" encoding="UTF-8"?>
<testng-results ignored="0" total="1" passed="1" failed="0" skipped="0">
  <reporter-output>
    <line>
      <![CDATA[Database connection]]>
    </line>
    <line>
      <![CDATA[Precondition if Any]]>
    </line>
    <line>
      <![CDATA[Launch Browser]]>
    </line>
    <line>
      <![CDATA[Login]]>
    </line>
    <line>
      <![CDATA[Logout]]>
    </line>
    <line>
      <![CDATA[Close the browser]]>
    </line>
    <line>
      <![CDATA[Post condition]]>
    </line>
    <line>
      <![CDATA[Database Disconnect]]>
    </line>
    <line>
      <![CDATA[Report Backed Up]]>
    </line>
  </reporter-output>
  <suite started-at="2025-11-21T18:38:56 IST" name="Default suite" finished-at="2025-11-21T18:39:21 IST" duration-ms="24644">
    <groups>
    </groups>
    <test started-at="2025-11-21T18:38:56 IST" name="Default test" finished-at="2025-11-21T18:39:21 IST" duration-ms="24644">
      <class name="TestScripts.ClickOnFBTest">
        <test-method is-config="true" signature="configBS()[pri:0, instance:TestScripts.ClickOnFBTest@3cd3e762]" started-at="2025-11-21T18:38:56 IST" name="configBS" finished-at="2025-11-21T18:38:56 IST" duration-ms="22" status="PASS">
          <reporter-output>
            <line>
              <![CDATA[Database connection]]>
            </line>
          </reporter-output>
        </test-method> <!-- configBS -->
        <test-method is-config="true" signature="BTconfig()[pri:0, instance:TestScripts.ClickOnFBTest@3cd3e762]" started-at="2025-11-21T18:38:56 IST" name="BTconfig" finished-at="2025-11-21T18:38:56 IST" duration-ms="2" status="PASS">
          <reporter-output>
            <line>
              <![CDATA[Precondition if Any]]>
            </line>
          </reporter-output>
        </test-method> <!-- BTconfig -->
        <test-method is-config="true" signature="BCconfig()[pri:0, instance:TestScripts.ClickOnFBTest@3cd3e762]" started-at="2025-11-21T18:38:56 IST" name="BCconfig" finished-at="2025-11-21T18:39:02 IST" duration-ms="6523" status="PASS">
          <reporter-output>
            <line>
              <![CDATA[Launch Browser]]>
            </line>
          </reporter-output>
        </test-method> <!-- BCconfig -->
        <test-method is-config="true" signature="BMconfig()[pri:0, instance:TestScripts.ClickOnFBTest@3cd3e762]" started-at="2025-11-21T18:39:03 IST" name="BMconfig" finished-at="2025-11-21T18:39:03 IST" duration-ms="569" status="PASS">
          <reporter-output>
            <line>
              <![CDATA[Login]]>
            </line>
          </reporter-output>
        </test-method> <!-- BMconfig -->
        <test-method signature="FacebookTest()[pri:0, instance:TestScripts.ClickOnFBTest@3cd3e762]" started-at="2025-11-21T18:39:03 IST" name="FacebookTest" finished-at="2025-11-21T18:39:17 IST" duration-ms="14341" status="PASS">
          <reporter-output>
          </reporter-output>
        </test-method> <!-- FacebookTest -->
        <test-method is-config="true" signature="AMconfig()[pri:0, instance:TestScripts.ClickOnFBTest@3cd3e762]" started-at="2025-11-21T18:39:17 IST" name="AMconfig" finished-at="2025-11-21T18:39:20 IST" duration-ms="2672" status="PASS">
          <reporter-output>
            <line>
              <![CDATA[Logout]]>
            </line>
          </reporter-output>
        </test-method> <!-- AMconfig -->
        <test-method is-config="true" signature="ACconfig()[pri:0, instance:TestScripts.ClickOnFBTest@3cd3e762]" started-at="2025-11-21T18:39:20 IST" name="ACconfig" finished-at="2025-11-21T18:39:21 IST" duration-ms="443" status="PASS">
          <reporter-output>
            <line>
              <![CDATA[Close the browser]]>
            </line>
          </reporter-output>
        </test-method> <!-- ACconfig -->
        <test-method is-config="true" signature="ATconfig()[pri:0, instance:TestScripts.ClickOnFBTest@3cd3e762]" started-at="2025-11-21T18:39:21 IST" name="ATconfig" finished-at="2025-11-21T18:39:21 IST" duration-ms="0" status="PASS">
          <reporter-output>
            <line>
              <![CDATA[Post condition]]>
            </line>
          </reporter-output>
        </test-method> <!-- ATconfig -->
        <test-method is-config="true" signature="ASconfig()[pri:0, instance:TestScripts.ClickOnFBTest@3cd3e762]" started-at="2025-11-21T18:39:21 IST" name="ASconfig" finished-at="2025-11-21T18:39:21 IST" duration-ms="1" status="PASS">
          <reporter-output>
            <line>
              <![CDATA[Database Disconnect]]>
            </line>
            <line>
              <![CDATA[Report Backed Up]]>
            </line>
          </reporter-output>
        </test-method> <!-- ASconfig -->
      </class> <!-- TestScripts.ClickOnFBTest -->
    </test> <!-- Default test -->
  </suite> <!-- Default suite -->
</testng-results>
