<?xml version="1.0" encoding="UTF-8"?>
<testng-results ignored="0" total="1" passed="0" failed="1" skipped="0">
  <reporter-output>
    <line>
      <![CDATA[Database connection]]>
    </line>
    <line>
      <![CDATA[Precondition if Any]]>
    </line>
    <line>
      <![CDATA[Launch Browser]]>
    </line>
    <line>
      <![CDATA[Login]]>
    </line>
    <line>
      <![CDATA[Logout]]>
    </line>
    <line>
      <![CDATA[Post condition]]>
    </line>
    <line>
      <![CDATA[Database Disconnect]]>
    </line>
    <line>
      <![CDATA[Report Backed Up]]>
    </line>
  </reporter-output>
<<<<<<< HEAD
  <suite started-at="2025-11-21T18:48:09 IST" name="Default suite" finished-at="2025-11-21T18:48:31 IST" duration-ms="22466">
=======
  <suite started-at="2025-11-21T20:28:41 IST" name="Default suite" finished-at="2025-11-21T20:29:01 IST" duration-ms="20006">
>>>>>>> branch 'master' of https://github.com/amol647/Selenium-Weekend-Batch.git
    <groups>
    </groups>
<<<<<<< HEAD
    <test started-at="2025-11-21T18:48:09 IST" name="Default test" finished-at="2025-11-21T18:48:31 IST" duration-ms="22466">
      <class name="TestScripts.ClickOnFBTest">
        <test-method is-config="true" signature="configBS()[pri:0, instance:TestScripts.ClickOnFBTest@3b0090a4]" started-at="2025-11-21T18:48:09 IST" name="configBS" finished-at="2025-11-21T18:48:09 IST" duration-ms="21" status="PASS">
=======
    <test started-at="2025-11-21T20:28:41 IST" name="Default test" finished-at="2025-11-21T20:29:01 IST" duration-ms="20006">
      <class name="TestScripts.AboutUsTest">
        <test-method is-config="true" signature="configBS()[pri:0, instance:TestScripts.AboutUsTest@72035809]" started-at="2025-11-21T20:28:41 IST" name="configBS" finished-at="2025-11-21T20:28:41 IST" duration-ms="33" status="PASS">
>>>>>>> branch 'master' of https://github.com/amol647/Selenium-Weekend-Batch.git
          <reporter-output>
            <line>
              <![CDATA[Database connection]]>
            </line>
          </reporter-output>
        </test-method> <!-- configBS -->
<<<<<<< HEAD
        <test-method is-config="true" signature="BTconfig()[pri:0, instance:TestScripts.ClickOnFBTest@3b0090a4]" started-at="2025-11-21T18:48:09 IST" name="BTconfig" finished-at="2025-11-21T18:48:09 IST" duration-ms="2" status="PASS">
=======
        <test-method is-config="true" signature="BTconfig()[pri:0, instance:TestScripts.AboutUsTest@72035809]" started-at="2025-11-21T20:28:41 IST" name="BTconfig" finished-at="2025-11-21T20:28:41 IST" duration-ms="2" status="PASS">
>>>>>>> branch 'master' of https://github.com/amol647/Selenium-Weekend-Batch.git
          <reporter-output>
            <line>
              <![CDATA[Precondition if Any]]>
            </line>
          </reporter-output>
        </test-method> <!-- BTconfig -->
<<<<<<< HEAD
        <test-method is-config="true" signature="BCconfig()[pri:0, instance:TestScripts.ClickOnFBTest@3b0090a4]" started-at="2025-11-21T18:48:09 IST" name="BCconfig" finished-at="2025-11-21T18:48:20 IST" duration-ms="11226" status="PASS">
=======
        <test-method is-config="true" signature="BCconfig()[pri:0, instance:TestScripts.AboutUsTest@72035809]" started-at="2025-11-21T20:28:41 IST" name="BCconfig" finished-at="2025-11-21T20:28:51 IST" duration-ms="10073" status="PASS">
>>>>>>> branch 'master' of https://github.com/amol647/Selenium-Weekend-Batch.git
          <reporter-output>
            <line>
              <![CDATA[Launch Browser]]>
            </line>
          </reporter-output>
        </test-method> <!-- BCconfig -->
<<<<<<< HEAD
        <test-method is-config="true" signature="BMconfig()[pri:0, instance:TestScripts.ClickOnFBTest@3b0090a4]" started-at="2025-11-21T18:48:20 IST" name="BMconfig" finished-at="2025-11-21T18:48:21 IST" duration-ms="573" status="PASS">
=======
        <test-method is-config="true" signature="BMconfig()[pri:0, instance:TestScripts.AboutUsTest@72035809]" started-at="2025-11-21T20:28:51 IST" name="BMconfig" finished-at="2025-11-21T20:28:53 IST" duration-ms="1955" status="PASS">
>>>>>>> branch 'master' of https://github.com/amol647/Selenium-Weekend-Batch.git
          <reporter-output>
            <line>
              <![CDATA[Login]]>
            </line>
          </reporter-output>
        </test-method> <!-- BMconfig -->
<<<<<<< HEAD
        <test-method signature="FacebookTest()[pri:0, instance:TestScripts.ClickOnFBTest@3b0090a4]" started-at="2025-11-21T18:48:21 IST" name="FacebookTest" finished-at="2025-11-21T18:48:31 IST" duration-ms="10526" status="FAIL">
          <exception class="org.openqa.selenium.NoSuchElementException">
            <message>
              <![CDATA[no such element: Unable to locate element: {"method":"css selector","selector":"*[name='email']"}
  (Session info: chrome=142.0.7444.176)
For documentation on this error, please visit: https://www.selenium.dev/documentation/webdriver/troubleshooting/errors#no-such-element-exception
Build info: version: '4.34.0', revision: '707dcb4246*'
System info: os.name: 'Windows 10', os.arch: 'amd64', os.version: '10.0', java.version: '21.0.9'
Driver info: org.openqa.selenium.chrome.ChromeDriver
Command: [2c1cc694042e65f7733f6eb8d9483f1e, findElement {value=email, using=name}]
Capabilities {acceptInsecureCerts: false, browserName: chrome, browserVersion: 142.0.7444.176, chrome: {chromedriverVersion: 142.0.7444.175 (302067f14a4..., userDataDir: C:\Users\AMOLSH~1\AppData\L...}, fedcm:accounts: true, goog:chromeOptions: {debuggerAddress: localhost:50754}, goog:processID: 10664, networkConnectionEnabled: false, pageLoadStrategy: normal, platformName: windows, proxy: Proxy(), se:cdp: ws://localhost:50754/devtoo..., se:cdpVersion: 142.0.7444.176, setWindowRect: true, strictFileInteractability: false, timeouts: {implicit: 0, pageLoad: 300000, script: 30000}, unhandledPromptBehavior: dismiss and notify, webauthn:extension:credBlob: true, webauthn:extension:largeBlob: true, webauthn:extension:minPinLength: true, webauthn:extension:prf: true, webauthn:virtualAuthenticators: true}
Session ID: 2c1cc694042e65f7733f6eb8d9483f1e]]>
            </message>
            <full-stacktrace>
              <![CDATA[org.openqa.selenium.NoSuchElementException: no such element: Unable to locate element: {"method":"css selector","selector":"*[name='email']"}
  (Session info: chrome=142.0.7444.176)
For documentation on this error, please visit: https://www.selenium.dev/documentation/webdriver/troubleshooting/errors#no-such-element-exception
Build info: version: '4.34.0', revision: '707dcb4246*'
System info: os.name: 'Windows 10', os.arch: 'amd64', os.version: '10.0', java.version: '21.0.9'
Driver info: org.openqa.selenium.chrome.ChromeDriver
Command: [2c1cc694042e65f7733f6eb8d9483f1e, findElement {value=email, using=name}]
Capabilities {acceptInsecureCerts: false, browserName: chrome, browserVersion: 142.0.7444.176, chrome: {chromedriverVersion: 142.0.7444.175 (302067f14a4..., userDataDir: C:\Users\AMOLSH~1\AppData\L...}, fedcm:accounts: true, goog:chromeOptions: {debuggerAddress: localhost:50754}, goog:processID: 10664, networkConnectionEnabled: false, pageLoadStrategy: normal, platformName: windows, proxy: Proxy(), se:cdp: ws://localhost:50754/devtoo..., se:cdpVersion: 142.0.7444.176, setWindowRect: true, strictFileInteractability: false, timeouts: {implicit: 0, pageLoad: 300000, script: 30000}, unhandledPromptBehavior: dismiss and notify, webauthn:extension:credBlob: true, webauthn:extension:largeBlob: true, webauthn:extension:minPinLength: true, webauthn:extension:prf: true, webauthn:virtualAuthenticators: true}
Session ID: 2c1cc694042e65f7733f6eb8d9483f1e
at java.base/jdk.internal.reflect.DirectConstructorHandleAccessor.newInstance(DirectConstructorHandleAccessor.java:62)
at java.base/java.lang.reflect.Constructor.newInstanceWithCaller(Constructor.java:502)
at java.base/java.lang.reflect.Constructor.newInstance(Constructor.java:486)
at org.openqa.selenium.remote.ErrorCodec.decode(ErrorCodec.java:167)
at org.openqa.selenium.remote.codec.w3c.W3CHttpResponseCodec.decode(W3CHttpResponseCodec.java:138)
at org.openqa.selenium.remote.codec.w3c.W3CHttpResponseCodec.decode(W3CHttpResponseCodec.java:50)
at org.openqa.selenium.remote.HttpCommandExecutor.execute(HttpCommandExecutor.java:215)
at org.openqa.selenium.remote.service.DriverCommandExecutor.invokeExecute(DriverCommandExecutor.java:216)
at org.openqa.selenium.remote.service.DriverCommandExecutor.execute(DriverCommandExecutor.java:174)
at org.openqa.selenium.remote.RemoteWebDriver.execute(RemoteWebDriver.java:544)
at org.openqa.selenium.remote.ElementLocation$ElementFinder$2.findElement(ElementLocation.java:165)
at org.openqa.selenium.remote.ElementLocation.findElement(ElementLocation.java:66)
at org.openqa.selenium.remote.RemoteWebDriver.findElement(RemoteWebDriver.java:367)
at org.openqa.selenium.remote.RemoteWebDriver.findElement(RemoteWebDriver.java:361)
at TestScripts.ClickOnFBTest.FacebookTest(ClickOnFBTest.java:33)
at java.base/jdk.internal.reflect.DirectMethodHandleAccessor.invoke(DirectMethodHandleAccessor.java:103)
at java.base/java.lang.reflect.Method.invoke(Method.java:580)
at org.testng.internal.invokers.MethodInvocationHelper.invokeMethod(MethodInvocationHelper.java:141)
at org.testng.internal.invokers.TestInvoker.invokeMethod(TestInvoker.java:687)
at org.testng.internal.invokers.TestInvoker.invokeTestMethod(TestInvoker.java:230)
at org.testng.internal.invokers.MethodRunner.runInSequence(MethodRunner.java:63)
at org.testng.internal.invokers.TestInvoker$MethodInvocationAgent.invoke(TestInvoker.java:995)
at org.testng.internal.invokers.TestInvoker.invokeTestMethods(TestInvoker.java:203)
at org.testng.internal.invokers.TestMethodWorker.invokeTestMethods(TestMethodWorker.java:154)
at org.testng.internal.invokers.TestMethodWorker.run(TestMethodWorker.java:134)
at java.base/java.util.ArrayList.forEach(ArrayList.java:1596)
at org.testng.TestRunner.privateRun(TestRunner.java:741)
at org.testng.TestRunner.run(TestRunner.java:616)
at org.testng.SuiteRunner.runTest(SuiteRunner.java:421)
at org.testng.SuiteRunner.runSequentially(SuiteRunner.java:413)
at org.testng.SuiteRunner.privateRun(SuiteRunner.java:373)
at org.testng.SuiteRunner.run(SuiteRunner.java:312)
at org.testng.SuiteRunnerWorker.runSuite(SuiteRunnerWorker.java:52)
at org.testng.SuiteRunnerWorker.run(SuiteRunnerWorker.java:95)
at org.testng.TestNG.runSuitesSequentially(TestNG.java:1274)
at org.testng.TestNG.runSuitesLocally(TestNG.java:1208)
at org.testng.TestNG.runSuites(TestNG.java:1112)
at org.testng.TestNG.run(TestNG.java:1079)
at org.testng.remote.AbstractRemoteTestNG.run(AbstractRemoteTestNG.java:115)
at org.testng.remote.RemoteTestNG.initAndRun(RemoteTestNG.java:293)
at org.testng.remote.RemoteTestNG.main(RemoteTestNG.java:91)
]]>
            </full-stacktrace>
          </exception> <!-- org.openqa.selenium.NoSuchElementException -->
=======
        <test-method signature="AboutUs()[pri:0, instance:TestScripts.AboutUsTest@72035809]" started-at="2025-11-21T20:28:53 IST" name="AboutUs" finished-at="2025-11-21T20:28:59 IST" duration-ms="5999" status="PASS">
>>>>>>> branch 'master' of https://github.com/amol647/Selenium-Weekend-Batch.git
          <reporter-output>
          </reporter-output>
<<<<<<< HEAD
        </test-method> <!-- FacebookTest -->
        <test-method is-config="true" signature="AMconfig()[pri:0, instance:TestScripts.ClickOnFBTest@3b0090a4]" started-at="2025-11-21T18:48:31 IST" name="AMconfig" finished-at="2025-11-21T18:48:31 IST" duration-ms="38" status="FAIL">
          <exception class="org.openqa.selenium.NoSuchElementException">
            <message>
              <![CDATA[no such element: Unable to locate element: {"method":"css selector","selector":"#react\-burger\-menu\-btn"}
  (Session info: chrome=142.0.7444.176)
For documentation on this error, please visit: https://www.selenium.dev/documentation/webdriver/troubleshooting/errors#no-such-element-exception
Build info: version: '4.34.0', revision: '707dcb4246*'
System info: os.name: 'Windows 10', os.arch: 'amd64', os.version: '10.0', java.version: '21.0.9'
Driver info: org.openqa.selenium.chrome.ChromeDriver
Command: [2c1cc694042e65f7733f6eb8d9483f1e, findElement {value=react-burger-menu-btn, using=id}]
Capabilities {acceptInsecureCerts: false, browserName: chrome, browserVersion: 142.0.7444.176, chrome: {chromedriverVersion: 142.0.7444.175 (302067f14a4..., userDataDir: C:\Users\AMOLSH~1\AppData\L...}, fedcm:accounts: true, goog:chromeOptions: {debuggerAddress: localhost:50754}, goog:processID: 10664, networkConnectionEnabled: false, pageLoadStrategy: normal, platformName: windows, proxy: Proxy(), se:cdp: ws://localhost:50754/devtoo..., se:cdpVersion: 142.0.7444.176, setWindowRect: true, strictFileInteractability: false, timeouts: {implicit: 0, pageLoad: 300000, script: 30000}, unhandledPromptBehavior: dismiss and notify, webauthn:extension:credBlob: true, webauthn:extension:largeBlob: true, webauthn:extension:minPinLength: true, webauthn:extension:prf: true, webauthn:virtualAuthenticators: true}
Session ID: 2c1cc694042e65f7733f6eb8d9483f1e]]>
            </message>
            <full-stacktrace>
              <![CDATA[org.openqa.selenium.NoSuchElementException: no such element: Unable to locate element: {"method":"css selector","selector":"#react\-burger\-menu\-btn"}
  (Session info: chrome=142.0.7444.176)
For documentation on this error, please visit: https://www.selenium.dev/documentation/webdriver/troubleshooting/errors#no-such-element-exception
Build info: version: '4.34.0', revision: '707dcb4246*'
System info: os.name: 'Windows 10', os.arch: 'amd64', os.version: '10.0', java.version: '21.0.9'
Driver info: org.openqa.selenium.chrome.ChromeDriver
Command: [2c1cc694042e65f7733f6eb8d9483f1e, findElement {value=react-burger-menu-btn, using=id}]
Capabilities {acceptInsecureCerts: false, browserName: chrome, browserVersion: 142.0.7444.176, chrome: {chromedriverVersion: 142.0.7444.175 (302067f14a4..., userDataDir: C:\Users\AMOLSH~1\AppData\L...}, fedcm:accounts: true, goog:chromeOptions: {debuggerAddress: localhost:50754}, goog:processID: 10664, networkConnectionEnabled: false, pageLoadStrategy: normal, platformName: windows, proxy: Proxy(), se:cdp: ws://localhost:50754/devtoo..., se:cdpVersion: 142.0.7444.176, setWindowRect: true, strictFileInteractability: false, timeouts: {implicit: 0, pageLoad: 300000, script: 30000}, unhandledPromptBehavior: dismiss and notify, webauthn:extension:credBlob: true, webauthn:extension:largeBlob: true, webauthn:extension:minPinLength: true, webauthn:extension:prf: true, webauthn:virtualAuthenticators: true}
Session ID: 2c1cc694042e65f7733f6eb8d9483f1e
at java.base/jdk.internal.reflect.DirectConstructorHandleAccessor.newInstance(DirectConstructorHandleAccessor.java:62)
at java.base/java.lang.reflect.Constructor.newInstanceWithCaller(Constructor.java:502)
at java.base/java.lang.reflect.Constructor.newInstance(Constructor.java:486)
at org.openqa.selenium.remote.ErrorCodec.decode(ErrorCodec.java:167)
at org.openqa.selenium.remote.codec.w3c.W3CHttpResponseCodec.decode(W3CHttpResponseCodec.java:138)
at org.openqa.selenium.remote.codec.w3c.W3CHttpResponseCodec.decode(W3CHttpResponseCodec.java:50)
at org.openqa.selenium.remote.HttpCommandExecutor.execute(HttpCommandExecutor.java:215)
at org.openqa.selenium.remote.service.DriverCommandExecutor.invokeExecute(DriverCommandExecutor.java:216)
at org.openqa.selenium.remote.service.DriverCommandExecutor.execute(DriverCommandExecutor.java:174)
at org.openqa.selenium.remote.RemoteWebDriver.execute(RemoteWebDriver.java:544)
at org.openqa.selenium.remote.ElementLocation$ElementFinder$2.findElement(ElementLocation.java:165)
at org.openqa.selenium.remote.ElementLocation.findElement(ElementLocation.java:59)
at org.openqa.selenium.remote.RemoteWebDriver.findElement(RemoteWebDriver.java:367)
at org.openqa.selenium.remote.RemoteWebDriver.findElement(RemoteWebDriver.java:361)
at org.openqa.selenium.support.pagefactory.DefaultElementLocator.findElement(DefaultElementLocator.java:68)
at org.openqa.selenium.support.pagefactory.internal.LocatingElementHandler.invoke(LocatingElementHandler.java:38)
at jdk.proxy2/jdk.proxy2.$Proxy19.click(Unknown Source)
at ObjectRepository.LogoutPage.logout(LogoutPage.java:29)
at BaseClassUtility.Base_Class.AMconfig(Base_Class.java:74)
at java.base/jdk.internal.reflect.DirectMethodHandleAccessor.invoke(DirectMethodHandleAccessor.java:103)
at java.base/java.lang.reflect.Method.invoke(Method.java:580)
at org.testng.internal.invokers.MethodInvocationHelper.invokeMethod(MethodInvocationHelper.java:141)
at org.testng.internal.invokers.MethodInvocationHelper.invokeMethodConsideringTimeout(MethodInvocationHelper.java:71)
at org.testng.internal.invokers.ConfigInvoker.invokeConfigurationMethod(ConfigInvoker.java:400)
at org.testng.internal.invokers.ConfigInvoker.invokeConfigurations(ConfigInvoker.java:333)
at org.testng.internal.invokers.TestInvoker.runConfigMethods(TestInvoker.java:836)
at org.testng.internal.invokers.TestInvoker.runAfterConfigurations(TestInvoker.java:805)
at org.testng.internal.invokers.TestInvoker.invokeMethod(TestInvoker.java:781)
at org.testng.internal.invokers.TestInvoker.invokeTestMethod(TestInvoker.java:230)
at org.testng.internal.invokers.MethodRunner.runInSequence(MethodRunner.java:63)
at org.testng.internal.invokers.TestInvoker$MethodInvocationAgent.invoke(TestInvoker.java:995)
at org.testng.internal.invokers.TestInvoker.invokeTestMethods(TestInvoker.java:203)
at org.testng.internal.invokers.TestMethodWorker.invokeTestMethods(TestMethodWorker.java:154)
at org.testng.internal.invokers.TestMethodWorker.run(TestMethodWorker.java:134)
at java.base/java.util.ArrayList.forEach(ArrayList.java:1596)
at org.testng.TestRunner.privateRun(TestRunner.java:741)
at org.testng.TestRunner.run(TestRunner.java:616)
at org.testng.SuiteRunner.runTest(SuiteRunner.java:421)
at org.testng.SuiteRunner.runSequentially(SuiteRunner.java:413)
at org.testng.SuiteRunner.privateRun(SuiteRunner.java:373)
at org.testng.SuiteRunner.run(SuiteRunner.java:312)
at org.testng.SuiteRunnerWorker.runSuite(SuiteRunnerWorker.java:52)
at org.testng.SuiteRunnerWorker.run(SuiteRunnerWorker.java:95)
at org.testng.TestNG.runSuitesSequentially(TestNG.java:1274)
at org.testng.TestNG.runSuitesLocally(TestNG.java:1208)
at org.testng.TestNG.runSuites(TestNG.java:1112)
at org.testng.TestNG.run(TestNG.java:1079)
at org.testng.remote.AbstractRemoteTestNG.run(AbstractRemoteTestNG.java:115)
at org.testng.remote.RemoteTestNG.initAndRun(RemoteTestNG.java:293)
at org.testng.remote.RemoteTestNG.main(RemoteTestNG.java:91)
]]>
            </full-stacktrace>
          </exception> <!-- org.openqa.selenium.NoSuchElementException -->
=======
        </test-method> <!-- AboutUs -->
        <test-method is-config="true" signature="AMconfig()[pri:0, instance:TestScripts.AboutUsTest@72035809]" started-at="2025-11-21T20:28:59 IST" name="AMconfig" finished-at="2025-11-21T20:29:00 IST" duration-ms="1184" status="PASS">
>>>>>>> branch 'master' of https://github.com/amol647/Selenium-Weekend-Batch.git
          <reporter-output>
            <line>
              <![CDATA[Logout]]>
            </line>
          </reporter-output>
        </test-method> <!-- AMconfig -->
<<<<<<< HEAD
        <test-method is-config="true" signature="ACconfig()[pri:0, instance:TestScripts.ClickOnFBTest@3b0090a4]" started-at="2025-11-21T18:48:31 IST" name="ACconfig" finished-at="2025-11-21T18:48:31 IST" duration-ms="0" status="SKIP">
=======
        <test-method is-config="true" signature="ACconfig()[pri:0, instance:TestScripts.AboutUsTest@72035809]" started-at="2025-11-21T20:29:00 IST" name="ACconfig" finished-at="2025-11-21T20:29:01 IST" duration-ms="526" status="PASS">
>>>>>>> branch 'master' of https://github.com/amol647/Selenium-Weekend-Batch.git
          <reporter-output>
          </reporter-output>
        </test-method> <!-- ACconfig -->
<<<<<<< HEAD
        <test-method is-config="true" signature="ATconfig()[pri:0, instance:TestScripts.ClickOnFBTest@3b0090a4]" started-at="2025-11-21T18:48:31 IST" name="ATconfig" finished-at="2025-11-21T18:48:31 IST" duration-ms="2" status="PASS">
=======
        <test-method is-config="true" signature="ATconfig()[pri:0, instance:TestScripts.AboutUsTest@72035809]" started-at="2025-11-21T20:29:01 IST" name="ATconfig" finished-at="2025-11-21T20:29:01 IST" duration-ms="1" status="PASS">
>>>>>>> branch 'master' of https://github.com/amol647/Selenium-Weekend-Batch.git
          <reporter-output>
            <line>
              <![CDATA[Post condition]]>
            </line>
          </reporter-output>
        </test-method> <!-- ATconfig -->
<<<<<<< HEAD
        <test-method is-config="true" signature="ASconfig()[pri:0, instance:TestScripts.ClickOnFBTest@3b0090a4]" started-at="2025-11-21T18:48:32 IST" name="ASconfig" finished-at="2025-11-21T18:48:32 IST" duration-ms="2" status="PASS">
=======
        <test-method is-config="true" signature="ASconfig()[pri:0, instance:TestScripts.AboutUsTest@72035809]" started-at="2025-11-21T20:29:01 IST" name="ASconfig" finished-at="2025-11-21T20:29:01 IST" duration-ms="1" status="PASS">
>>>>>>> branch 'master' of https://github.com/amol647/Selenium-Weekend-Batch.git
          <reporter-output>
            <line>
              <![CDATA[Database Disconnect]]>
            </line>
            <line>
              <![CDATA[Report Backed Up]]>
            </line>
          </reporter-output>
        </test-method> <!-- ASconfig -->
      </class> <!-- TestScripts.AboutUsTest -->
    </test> <!-- Default test -->
  </suite> <!-- Default suite -->
</testng-results>
