<?xml version="1.0" encoding="UTF-8"?>
<!-- Generated by org.testng.reporters.JUnitReportReporter -->
<testsuite hostname="Ammie" failures="0" tests="1" name="TestScripts.AddToCartTc" time="3.479" errors="0" timestamp="2025-11-23T13:06:03 IST" skipped="0">
  <testcase classname="TestScripts.AddToCartTc" name="AddToCart1" time="3.479"/>
  <system-out>
    <![CDATA[Database connection
Precondition if Any
Launch Browser
Login
Logout
Close the browser
Post condition
Database Disconnect
Report Backed Up]]>
  </system-out>
</testsuite> <!-- TestScripts.AddToCartTc -->
