<?xml version="1.0" encoding="UTF-8"?>
<!-- Generated by org.testng.reporters.JUnitReportReporter -->
<testsuite hostname="DESKTOP-H9NB7AP" failures="0" tests="1" name="TestScripts.AboutUsTest" time="9.138" errors="0" timestamp="2025-11-21T20:29:02 IST" skipped="0">
  <testcase classname="TestScripts.AboutUsTest" name="AboutUs" time="9.138"/>
  <system-out>
    <![CDATA[Database connection
Precondition if Any
Launch Browser
Login
Logout
Close the browser
Post condition
Database Disconnect
Report Backed Up]]>
  </system-out>
</testsuite> <!-- TestScripts.AboutUsTest -->
