<?xml version="1.0" encoding="UTF-8"?>
<!-- Generated by org.testng.reporters.JUnitReportReporter -->
<testsuite hostname="DESKTOP-H9NB7AP" failures="0" tests="1" name="TestScripts.ClickOnFBTest" time="17.582" errors="0" timestamp="2025-11-21T18:39:21 IST" skipped="0">
  <testcase classname="TestScripts.ClickOnFBTest" name="FacebookTest" time="17.582"/>
  <system-out>
    <![CDATA[Database connection
Precondition if Any
Launch Browser
Login
Logout
Close the browser
Post condition
Database Disconnect
Report Backed Up]]>
  </system-out>
</testsuite> <!-- TestScripts.ClickOnFBTest -->
