<?xml version="1.0" encoding="UTF-8"?>
<!-- Generated by org.testng.reporters.JUnitReportReporter -->
<testsuite hostname="Ammie" failures="0" tests="1" name="TestScripts.AboutUsTest" time="96.948" errors="0" timestamp="2025-11-23T12:52:58 IST" skipped="0">
  <testcase classname="TestScripts.AboutUsTest" name="AboutUs" time="96.948"/>
  <system-out>
    <![CDATA[Database connection
Precondition if Any
Launch Browser
Login
Logout
Close the browser
Post condition
Database Disconnect
Report Backed Up]]>
  </system-out>
</testsuite> <!-- TestScripts.AboutUsTest -->
